Arguments: 
  C:\Program Files\nodejs\node.exe C:\Users\avantika.d\AppData\Roaming\npm\node_modules\yarn\bin\yarn.js install

PATH: 
  C:\Program Files\Java\jdk-12.0.2\bin;C:\WINDOWS\system32;C:\WINDOWS;C:\WINDOWS\System32\Wbem;C:\WINDOWS\System32\WindowsPowerShell\v1.0\;C:\WINDOWS\System32\OpenSSH\;C:\Windows\CCM;C:\Program Files\nodejs\;C:\lastest_pepsico\sonarqube-7.9.1;C:\lastest_pepsico\sonar-scanner-4.0.0.1744-windows\bin;C:\Users\avantika.d\AppData\Local\Microsoft\WindowsApps;C:\Users\avantika.d\AppData\Local\Programs\Git\cmd;C:\Users\avantika.d\AppData\Roaming\npm;C:\Users\avantika.d\AppData\Local\Programs\Microsoft VS Code\bin

Yarn version: 
  1.17.3

Node version: 
  10.16.3

Platform: 
  win32 x64

Trace: 
  Error: http://13.92.101.210:8081/repository/dmp-npm-group/@material-ui/icons/-/icons-4.9.1.tgz: ESOCKETTIMEDOUT
      at ClientRequest.<anonymous> (C:\Users\avantika.d\AppData\Roaming\npm\node_modules\yarn\lib\cli.js:141091:19)
      at Object.onceWrapper (events.js:286:20)
      at ClientRequest.emit (events.js:198:13)
      at Socket.emitRequestTimeout (_http_client.js:662:40)
      at Object.onceWrapper (events.js:286:20)
      at Socket.emit (events.js:198:13)
      at Socket._onTimeout (net.js:442:8)
      at ontimeout (timers.js:436:11)
      at tryOnTimeout (timers.js:300:5)
      at listOnTimeout (timers.js:263:5)

npm manifest: 
  {
    "name": "ui-dxp-planogram",
    "version": "1.0.0",
    "description": "Planogram UI App",
    "repository": "https://pepsicoit.visualstudio.com/CTO_DigitalServices_WebSolutions/_git/ui-dxp-planogram",
    "author": "Pepsico",
    "license": "Private",
    "private": true,
    "workspaces": [
      "packages/*"
    ]
  }

yarn manifest: 
  No manifest

Lockfile: 
  No lockfile
